<?xml version="1.0" encoding="UTF-8"?>
<testsuite xmlns:xsi="http://www.w3.org/2001/XMLSchema-instance" xsi:noNamespaceSchemaLocation="https://maven.apache.org/surefire/maven-surefire-plugin/xsd/surefire-test-report-3.0.xsd" version="3.0" name="org.example.NumberUtilsTest" time="0.198" tests="20" errors="0" skipped="0" failures="0">
  <properties>
    <property name="java.specification.version" value="21"/>
    <property name="sun.cpu.isalist" value="amd64"/>
    <property name="sun.jnu.encoding" value="Cp1252"/>
    <property name="java.class.path" value="C:\Users\siegl\Documents\SOFTWRE_TESTING\Assignment 2\Assignment1\target\test-classes;C:\Users\siegl\Documents\SOFTWRE_TESTING\Assignment 2\Assignment1\target\classes;C:\Users\siegl\.m2\repository\org\junit\jupiter\junit-jupiter-engine\5.11.4\junit-jupiter-engine-5.11.4.jar;C:\Users\siegl\.m2\repository\org\junit\platform\junit-platform-engine\1.11.4\junit-platform-engine-1.11.4.jar;C:\Users\siegl\.m2\repository\org\opentest4j\opentest4j\1.3.0\opentest4j-1.3.0.jar;C:\Users\siegl\.m2\repository\org\junit\platform\junit-platform-commons\1.11.4\junit-platform-commons-1.11.4.jar;C:\Users\siegl\.m2\repository\org\junit\jupiter\junit-jupiter-api\5.11.4\junit-jupiter-api-5.11.4.jar;C:\Users\siegl\.m2\repository\org\apiguardian\apiguardian-api\1.1.2\apiguardian-api-1.1.2.jar;C:\Users\siegl\.m2\repository\org\assertj\assertj-core\3.27.2\assertj-core-3.27.2.jar;C:\Users\siegl\.m2\repository\net\bytebuddy\byte-buddy\1.15.11\byte-buddy-1.15.11.jar;"/>
    <property name="java.vm.vendor" value="Amazon.com Inc."/>
    <property name="sun.arch.data.model" value="64"/>
    <property name="user.variant" value=""/>
    <property name="java.vendor.url" value="https://aws.amazon.com/corretto/"/>
    <property name="user.timezone" value="America/Chicago"/>
    <property name="os.name" value="Windows 11"/>
    <property name="java.vm.specification.version" value="21"/>
    <property name="sun.java.launcher" value="SUN_STANDARD"/>
    <property name="user.country" value="US"/>
    <property name="sun.boot.library.path" value="C:\Program Files\Amazon Corretto\jdk21.0.4_7\bin"/>
    <property name="sun.java.command" value="C:\Users\siegl\AppData\Local\Temp\surefire13547037078780695509\surefirebooter-20250219163557735_3.jar C:\Users\siegl\AppData\Local\Temp\surefire13547037078780695509 2025-02-19T16-35-57_578-jvmRun1 surefire-20250219163557735_1tmp surefire_0-20250219163557735_2tmp"/>
    <property name="jdk.debug" value="release"/>
    <property name="surefire.test.class.path" value="C:\Users\siegl\Documents\SOFTWRE_TESTING\Assignment 2\Assignment1\target\test-classes;C:\Users\siegl\Documents\SOFTWRE_TESTING\Assignment 2\Assignment1\target\classes;C:\Users\siegl\.m2\repository\org\junit\jupiter\junit-jupiter-engine\5.11.4\junit-jupiter-engine-5.11.4.jar;C:\Users\siegl\.m2\repository\org\junit\platform\junit-platform-engine\1.11.4\junit-platform-engine-1.11.4.jar;C:\Users\siegl\.m2\repository\org\opentest4j\opentest4j\1.3.0\opentest4j-1.3.0.jar;C:\Users\siegl\.m2\repository\org\junit\platform\junit-platform-commons\1.11.4\junit-platform-commons-1.11.4.jar;C:\Users\siegl\.m2\repository\org\junit\jupiter\junit-jupiter-api\5.11.4\junit-jupiter-api-5.11.4.jar;C:\Users\siegl\.m2\repository\org\apiguardian\apiguardian-api\1.1.2\apiguardian-api-1.1.2.jar;C:\Users\siegl\.m2\repository\org\assertj\assertj-core\3.27.2\assertj-core-3.27.2.jar;C:\Users\siegl\.m2\repository\net\bytebuddy\byte-buddy\1.15.11\byte-buddy-1.15.11.jar;"/>
    <property name="sun.cpu.endian" value="little"/>
    <property name="user.home" value="C:\Users\siegl"/>
    <property name="user.language" value="en"/>
    <property name="java.specification.vendor" value="Oracle Corporation"/>
    <property name="java.version.date" value="2024-07-16"/>
    <property name="java.home" value="C:\Program Files\Amazon Corretto\jdk21.0.4_7"/>
    <property name="file.separator" value="\"/>
    <property name="basedir" value="C:\Users\siegl\Documents\SOFTWRE_TESTING\Assignment 2\Assignment1"/>
    <property name="java.vm.compressedOopsMode" value="32-bit"/>
    <property name="line.separator" value="&#10;"/>
    <property name="java.vm.specification.vendor" value="Oracle Corporation"/>
    <property name="java.specification.name" value="Java Platform API Specification"/>
    <property name="surefire.real.class.path" value="C:\Users\siegl\AppData\Local\Temp\surefire13547037078780695509\surefirebooter-20250219163557735_3.jar"/>
    <property name="user.script" value=""/>
    <property name="sun.management.compiler" value="HotSpot 64-Bit Tiered Compilers"/>
    <property name="java.runtime.version" value="21.0.4+7-LTS"/>
    <property name="user.name" value="siegl"/>
    <property name="stdout.encoding" value="Cp1252"/>
    <property name="path.separator" value=";"/>
    <property name="os.version" value="10.0"/>
    <property name="java.runtime.name" value="OpenJDK Runtime Environment"/>
    <property name="file.encoding" value="UTF-8"/>
    <property name="java.vm.name" value="OpenJDK 64-Bit Server VM"/>
    <property name="java.vendor.version" value="Corretto-21.0.4.7.1"/>
    <property name="localRepository" value="C:\Users\siegl\.m2\repository"/>
    <property name="java.vendor.url.bug" value="https://github.com/corretto/corretto-21/issues/"/>
    <property name="java.io.tmpdir" value="C:\Users\siegl\AppData\Local\Temp\"/>
    <property name="java.version" value="21.0.4"/>
    <property name="user.dir" value="C:\Users\siegl\Documents\SOFTWRE_TESTING\Assignment 2\Assignment1"/>
    <property name="os.arch" value="amd64"/>
    <property name="java.vm.specification.name" value="Java Virtual Machine Specification"/>
    <property name="sun.os.patch.level" value=""/>
    <property name="native.encoding" value="Cp1252"/>
    <property name="java.library.path" value="C:\Program Files\Amazon Corretto\jdk21.0.4_7\bin;C:\WINDOWS\Sun\Java\bin;C:\WINDOWS\system32;C:\WINDOWS;C:\Program Files\Amazon Corretto\jdk21.0.4_7\bin;C:\Users\siegl\AppData\Local\Programs\Python\Python311;C:\Users\siegl\AppData\Local\Programs\Python\Python311\Scripts;C:\Users\siegl\AppData\Local\Programs\Python\Python38-32\Scripts;C:\Users\siegl\AppData\Roaming\Microsoft\Windows\Start Menu\Programs\Python 3.11;C:\Program Files (x86)\Intel\Intel(R) Management Engine Components\iCLS\;C:\Program Files\Intel\Intel(R) Management Engine Components\iCLS\;C:\WINDOWS\system32;C:\WINDOWS;C:\WINDOWS\System32\Wbem;C:\WINDOWS\System32\WindowsPowerShell\v1.0\;C:\WINDOWS\System32\OpenSSH\;C:\Program Files (x86)\Intel\Intel(R) Management Engine Components\DAL;C:\Program Files\Intel\Intel(R) Management Engine Components\DAL;C:\Program Files (x86)\Intel\Intel(R) Management Engine Components\IPT;C:\Program Files\Intel\Intel(R) Management Engine Components\IPT;C:\Program Files\Intel\WiFi\bin\;C:\Program Files\Common Files\Intel\WirelessCommon\;C:\Program Files\PuTTY\;C:\Program Files (x86)\sbt\bin;C:\Program Files\Git\cmd;C:\Users\siegl\AppData\Roaming\Microsoft\Windows\Start Menu\Programs\Python 3.11;C:\Users\siegl\AppData\Local\Programs\Python\Python38-32\Scripts;C:\Users\siegl\AppData\Local\Programs\Microsoft VS Code\bin;C:\Users\siegl\AppData\Local\Programs\MiKTeX\miktex\bin\x64\;C:\Users\siegl\AppData\Local\Microsoft\WindowsApps;C:\Users\siegl\AppData\Local\Coursier\data\bin;C:\Users\siegl\AppData\Local\Microsoft\WindowsApps;C:\Users\siegl\Documents\apache-maven-3.9.9-bin\apache-maven-3.9.9\bin;C:\Users\siegl\Documents\apache-maven-3.9.9-bin\apache-maven-3.9.9\bin;;."/>
    <property name="java.vm.info" value="mixed mode, sharing"/>
    <property name="stderr.encoding" value="Cp1252"/>
    <property name="java.vendor" value="Amazon.com Inc."/>
    <property name="java.vm.version" value="21.0.4+7-LTS"/>
    <property name="sun.io.unicode.encoding" value="UnicodeLittle"/>
    <property name="java.class.version" value="65.0"/>
  </properties>
  <testcase name="leadingZeros" classname="org.example.NumberUtilsTest" time="0.112"/>
  <testcase name="bothListsNull" classname="org.example.NumberUtilsTest" time="0.002"/>
  <testcase name="bothListsEmpty" classname="org.example.NumberUtilsTest" time="0.002"/>
  <testcase name="bothListsValid" classname="org.example.NumberUtilsTest" time="0.001"/>
  <testcase name="rightEmptyLeftValid" classname="org.example.NumberUtilsTest" time="0.001"/>
  <testcase name="right2Left1" classname="org.example.NumberUtilsTest" time="0.001"/>
  <testcase name="leftInvalidRightEmpty" classname="org.example.NumberUtilsTest" time="0.006"/>
  <testcase name="right9" classname="org.example.NumberUtilsTest" time="0.001"/>
  <testcase name="rightInvalidLeftEmpty" classname="org.example.NumberUtilsTest" time="0.001"/>
  <testcase name="leftListNull" classname="org.example.NumberUtilsTest" time="0.002"/>
  <testcase name="leftListEmpty" classname="org.example.NumberUtilsTest" time="0.001"/>
  <testcase name="leadingZeros2" classname="org.example.NumberUtilsTest" time="0.002"/>
  <testcase name="left9" classname="org.example.NumberUtilsTest" time="0.002"/>
  <testcase name="rightListNull" classname="org.example.NumberUtilsTest" time="0.001"/>
  <testcase name="listsGreaterThan9" classname="org.example.NumberUtilsTest" time="0.002"/>
  <testcase name="bothInvalid" classname="org.example.NumberUtilsTest" time="0.002"/>
  <testcase name="leftLessThan0" classname="org.example.NumberUtilsTest" time="0.002"/>
  <testcase name="rightLessThan0" classname="org.example.NumberUtilsTest" time="0.003"/>
  <testcase name="left2Right1" classname="org.example.NumberUtilsTest" time="0.002"/>
  <testcase name="leftEmptyRightValid" classname="org.example.NumberUtilsTest" time="0.001"/>
</testsuite>